2026-03-20 00:02:44.120 INFO  [AsyncResolver-bootstrap-executor-%d] c.n.d.s.r.aws.ConfigClusterResolver      : Resolving eureka endpoints via configuration
2026-03-20 00:07:11.673 WARN  [AsyncReporter{ZipkinHttpClientSender{http://localhost:9411/api/v2/spans}}] z.r.i.AsyncReporter$BoundedAsyncReporter : Spans were dropped due to exceptions. All subsequent errors will be logged at FINE level.
2026-03-20 00:07:11.751 WARN  [AsyncReporter{ZipkinHttpClientSender{http://localhost:9411/api/v2/spans}}] z.r.i.AsyncReporter$BoundedAsyncReporter : Dropped 1 spans due to IOException(EOF reached while reading)
java.io.IOException: EOF reached while reading
	at java.net.http/jdk.internal.net.http.HttpClientImpl.send(HttpClientImpl.java:917)
	at java.net.http/jdk.internal.net.http.HttpClientFacade.send(HttpClientFacade.java:133)
	at org.springframework.boot.zipkin.autoconfigure.ZipkinHttpClientSender.postSpans(ZipkinHttpClientSender.java:59)
	at org.springframework.boot.zipkin.autoconfigure.HttpSender.postSpans(HttpSender.java:69)
	at org.springframework.boot.zipkin.autoconfigure.HttpSender.postSpans(HttpSender.java:41)
	at zipkin2.reporter.BaseHttpSender.send(BaseHttpSender.java:123)
	at zipkin2.reporter.internal.AsyncReporter$BoundedAsyncReporter.flush(AsyncReporter.java:266)
	at zipkin2.reporter.internal.AsyncReporter$Flusher.run(AsyncReporter.java:352)
	at java.base/java.lang.Thread.run(Thread.java:840)
Caused by: java.io.EOFException: EOF reached while reading
	at java.net.http/jdk.internal.net.http.Http2Connection$Http2TubeSubscriber.onComplete(Http2Connection.java:1701)
	at java.net.http/jdk.internal.net.http.SocketTube$InternalReadPublisher$ReadSubscription.signalCompletion(SocketTube.java:648)
	at java.net.http/jdk.internal.net.http.SocketTube$InternalReadPublisher$InternalReadSubscription.read(SocketTube.java:853)
	at java.net.http/jdk.internal.net.http.SocketTube$SocketFlowTask.run(SocketTube.java:181)
	at java.net.http/jdk.internal.net.http.common.SequentialScheduler$SchedulableTask.run(SequentialScheduler.java:230)
	at java.net.http/jdk.internal.net.http.common.SequentialScheduler.runOrSchedule(SequentialScheduler.java:303)
	at java.net.http/jdk.internal.net.http.common.SequentialScheduler.runOrSchedule(SequentialScheduler.java:256)
	at java.net.http/jdk.internal.net.http.SocketTube$InternalReadPublisher$InternalReadSubscription.signalReadable(SocketTube.java:782)
	at java.net.http/jdk.internal.net.http.SocketTube$InternalReadPublisher$ReadEvent.signalEvent(SocketTube.java:965)
	at java.net.http/jdk.internal.net.http.SocketTube$SocketFlowEvent.handle(SocketTube.java:253)
	at java.net.http/jdk.internal.net.http.HttpClientImpl$SelectorManager.handleEvent(HttpClientImpl.java:1402)
	at java.net.http/jdk.internal.net.http.HttpClientImpl$SelectorManager.lambda$run$3(HttpClientImpl.java:1347)
	at java.base/java.util.ArrayList.forEach(ArrayList.java:1511)
	at java.net.http/jdk.internal.net.http.HttpClientImpl$SelectorManager.run(HttpClientImpl.java:1347)
2026-03-20 00:07:44.321 INFO  [AsyncResolver-bootstrap-executor-%d] c.n.d.s.r.aws.ConfigClusterResolver      : Resolving eureka endpoints via configuration
2026-03-20 00:12:44.360 INFO  [AsyncResolver-bootstrap-executor-%d] c.n.d.s.r.aws.ConfigClusterResolver      : Resolving eureka endpoints via configuration
2026-03-20 00:17:44.442 INFO  [AsyncResolver-bootstrap-executor-%d] c.n.d.s.r.aws.ConfigClusterResolver      : Resolving eureka endpoints via configuration
2026-03-20 00:22:44.506 INFO  [AsyncResolver-bootstrap-executor-%d] c.n.d.s.r.aws.ConfigClusterResolver      : Resolving eureka endpoints via configuration
2026-03-20 00:27:44.539 INFO  [AsyncResolver-bootstrap-executor-%d] c.n.d.s.r.aws.ConfigClusterResolver      : Resolving eureka endpoints via configuration
2026-03-20 00:32:44.598 INFO  [AsyncResolver-bootstrap-executor-%d] c.n.d.s.r.aws.ConfigClusterResolver      : Resolving eureka endpoints via configuration
2026-03-20 00:37:44.645 INFO  [AsyncResolver-bootstrap-executor-%d] c.n.d.s.r.aws.ConfigClusterResolver      : Resolving eureka endpoints via configuration
2026-03-20 00:42:44.723 INFO  [AsyncResolver-bootstrap-executor-%d] c.n.d.s.r.aws.ConfigClusterResolver      : Resolving eureka endpoints via configuration
2026-03-20 00:47:44.770 INFO  [AsyncResolver-bootstrap-executor-%d] c.n.d.s.r.aws.ConfigClusterResolver      : Resolving eureka endpoints via configuration
2026-03-20 00:52:44.807 INFO  [AsyncResolver-bootstrap-executor-%d] c.n.d.s.r.aws.ConfigClusterResolver      : Resolving eureka endpoints via configuration
2026-03-20 00:57:44.848 INFO  [AsyncResolver-bootstrap-executor-%d] c.n.d.s.r.aws.ConfigClusterResolver      : Resolving eureka endpoints via configuration
2026-03-20 01:02:44.897 INFO  [AsyncResolver-bootstrap-executor-%d] c.n.d.s.r.aws.ConfigClusterResolver      : Resolving eureka endpoints via configuration
2026-03-20 01:07:44.970 INFO  [AsyncResolver-bootstrap-executor-%d] c.n.d.s.r.aws.ConfigClusterResolver      : Resolving eureka endpoints via configuration
2026-03-20 01:12:45.060 INFO  [AsyncResolver-bootstrap-executor-%d] c.n.d.s.r.aws.ConfigClusterResolver      : Resolving eureka endpoints via configuration
2026-03-20 01:15:04.827 INFO  [SpringApplicationShutdownHook] o.s.c.n.e.s.EurekaServiceRegistry        : Unregistering application USER with eureka with status DOWN
2026-03-20 01:15:04.863 INFO  [SpringApplicationShutdownHook] com.netflix.discovery.DiscoveryClient    : Saw local status change event StatusChangeEvent [timestamp=1773949504862, current=DOWN, previous=UP]
2026-03-20 01:15:04.867 INFO  [DiscoveryClient-InstanceInfoReplicator-%d] com.netflix.discovery.DiscoveryClient    : DiscoveryClient_USER/192.168.1.9:user:8882: registering service...
2026-03-20 01:15:05.096 INFO  [DiscoveryClient-InstanceInfoReplicator-%d] com.netflix.discovery.DiscoveryClient    : DiscoveryClient_USER/192.168.1.9:user:8882 - registration status: 204
2026-03-20 01:15:05.327 INFO  [SpringApplicationShutdownHook] o.s.boot.tomcat.GracefulShutdown         : Commencing graceful shutdown. Waiting for active requests to complete
2026-03-20 01:15:06.787 INFO  [tomcat-shutdown] o.s.boot.tomcat.GracefulShutdown         : Graceful shutdown complete
2026-03-20 01:15:07.024 INFO  [SpringApplicationShutdownHook] o.s.a.r.l.SimpleMessageListenerContainer : Waiting for workers to finish.
2026-03-20 01:15:07.184 INFO  [SpringApplicationShutdownHook] o.s.a.r.l.SimpleMessageListenerContainer : Successfully waited for workers to finish.
2026-03-20 01:15:07.196 INFO  [SpringApplicationShutdownHook] o.s.i.a.i.AmqpInboundChannelAdapter      : stopped bean 'inbound.springCloudBus.anonymous.gy4SgkI8QFWxhOxWNrGLtw'
2026-03-20 01:15:07.265 INFO  [SpringApplicationShutdownHook] o.s.c.stream.binder.BinderErrorChannel   : Channel 'user.rabbit-656285984.springCloudBusInput.errors' has 1 subscriber(s).
2026-03-20 01:15:07.283 INFO  [SpringApplicationShutdownHook] o.s.c.stream.binder.BinderErrorChannel   : Channel 'user.rabbit-656285984.springCloudBusInput.errors' has 0 subscriber(s).
2026-03-20 01:15:07.851 INFO  [SpringApplicationShutdownHook] o.s.i.endpoint.EventDrivenConsumer       : Removing {logging-channel-adapter:_org.springframework.integration.errorLogger} as a subscriber to the 'errorChannel' channel
2026-03-20 01:15:07.856 INFO  [SpringApplicationShutdownHook] o.s.i.channel.PublishSubscribeChannel    : Channel 'user.errorChannel' has 0 subscriber(s).
2026-03-20 01:15:07.862 INFO  [SpringApplicationShutdownHook] o.s.i.endpoint.EventDrivenConsumer       : stopped bean '_org.springframework.integration.errorLogger'
2026-03-20 01:15:08.032 INFO  [SpringApplicationShutdownHook] j.LocalContainerEntityManagerFactoryBean : Closing JPA EntityManagerFactory for persistence unit 'default'
2026-03-20 01:15:08.222 INFO  [SpringApplicationShutdownHook] com.zaxxer.hikari.HikariDataSource       : HikariPool-1 - Shutdown initiated...
2026-03-20 01:15:08.252 INFO  [SpringApplicationShutdownHook] com.zaxxer.hikari.HikariDataSource       : HikariPool-1 - Shutdown completed.
2026-03-20 01:15:08.835 INFO  [SpringApplicationShutdownHook] com.netflix.discovery.DiscoveryClient    : Shutting down DiscoveryClient ...
2026-03-20 01:15:11.848 INFO  [SpringApplicationShutdownHook] com.netflix.discovery.DiscoveryClient    : Unregistering ...
2026-03-20 01:15:11.945 INFO  [SpringApplicationShutdownHook] com.netflix.discovery.DiscoveryClient    : DiscoveryClient_USER/192.168.1.9:user:8882 - deregister  status: 200
2026-03-20 01:15:11.947 INFO  [SpringApplicationShutdownHook] com.netflix.discovery.DiscoveryClient    : Completed shut down of DiscoveryClient
2026-03-20 01:15:21.243 INFO  [restartedMain] com.ecommerce.user.UserApplication       : Starting UserApplication using Java 17.0.17 with PID 12902 (/Users/codey/Desktop/my-apps/Spring_Ecommerce_App/user/target/classes started by codey in /Users/codey/Desktop/my-apps/Spring_Ecommerce_App)
2026-03-20 01:15:21.244 DEBUG [restartedMain] com.ecommerce.user.UserApplication       : Running with Spring Boot v4.0.2, Spring v7.0.3
2026-03-20 01:15:21.245 INFO  [restartedMain] com.ecommerce.user.UserApplication       : The following 1 profile is active: "dev"
2026-03-20 01:15:21.275 INFO  [restartedMain] o.s.c.c.c.ConfigServerConfigDataLoader   : Fetching config from server at : http://localhost:8888
2026-03-20 01:15:21.275 INFO  [restartedMain] o.s.c.c.c.ConfigServerConfigDataLoader   : Located environment: name=user, profiles=[default], label=null, version=null, state=null
2026-03-20 01:15:21.276 INFO  [restartedMain] o.s.c.c.c.ConfigServerConfigDataLoader   : Fetching config from server at : http://localhost:8888
2026-03-20 01:15:21.276 INFO  [restartedMain] o.s.c.c.c.ConfigServerConfigDataLoader   : Located environment: name=user, profiles=[dev], label=null, version=null, state=null
2026-03-20 01:15:21.277 INFO  [restartedMain] .e.DevToolsPropertyDefaultsPostProcessor : Devtools property defaults active! Set 'spring.devtools.add-properties' to 'false' to disable
2026-03-20 01:15:21.278 INFO  [restartedMain] .e.DevToolsPropertyDefaultsPostProcessor : For additional web related logging consider setting the 'logging.level.web' property to 'DEBUG'
2026-03-20 01:15:22.331 INFO  [restartedMain] .s.d.r.c.RepositoryConfigurationDelegate : Bootstrapping Spring Data JPA repositories in DEFAULT mode.
2026-03-20 01:15:22.460 INFO  [restartedMain] .s.d.r.c.RepositoryConfigurationDelegate : Finished Spring Data repository scanning in 122 ms. Found 1 JPA repository interface.
2026-03-20 01:15:22.710 INFO  [restartedMain] faultConfiguringBeanFactoryPostProcessor : No bean named 'errorChannel' has been explicitly defined. Therefore, a default PublishSubscribeChannel will be created.
2026-03-20 01:15:22.714 INFO  [restartedMain] faultConfiguringBeanFactoryPostProcessor : No bean named 'integrationHeaderChannelRegistry' has been explicitly defined. Therefore, a default DefaultHeaderChannelRegistry will be created.
2026-03-20 01:15:22.746 INFO  [restartedMain] o.s.cloud.context.scope.GenericScope     : BeanFactory id=9c2ed7dc-e662-3256-927d-af98777dbc9c
2026-03-20 01:15:23.392 INFO  [restartedMain] o.s.boot.tomcat.TomcatWebServer          : Tomcat initialized with port 8882 (http)
2026-03-20 01:15:23.407 INFO  [restartedMain] o.apache.catalina.core.StandardService   : Starting service [Tomcat]
2026-03-20 01:15:23.408 INFO  [restartedMain] o.apache.catalina.core.StandardEngine    : Starting Servlet engine: [Apache Tomcat/11.0.15]
2026-03-20 01:15:23.485 INFO  [restartedMain] b.w.c.s.WebApplicationContextInitializer : Root WebApplicationContext: initialization completed in 2207 ms
2026-03-20 01:15:24.235 INFO  [restartedMain] org.hibernate.orm.jpa                    : HHH008540: Processing PersistenceUnitInfo [name: default]
2026-03-20 01:15:24.273 INFO  [restartedMain] org.hibernate.orm.core                   : HHH000001: Hibernate ORM core version 7.2.1.Final
2026-03-20 01:15:24.585 INFO  [restartedMain] o.s.o.j.p.SpringPersistenceUnitInfo      : No LoadTimeWeaver setup: ignoring JPA class transformer
2026-03-20 01:15:24.611 INFO  [restartedMain] com.zaxxer.hikari.HikariDataSource       : HikariPool-1 - Starting...
2026-03-20 01:15:24.919 INFO  [restartedMain] com.zaxxer.hikari.pool.HikariPool        : HikariPool-1 - Added connection org.postgresql.jdbc.PgConnection@20b51932
2026-03-20 01:15:24.920 INFO  [restartedMain] com.zaxxer.hikari.HikariDataSource       : HikariPool-1 - Start completed.
2026-03-20 01:15:24.957 WARN  [restartedMain] org.hibernate.orm.deprecation            : HHH90000025: PostgreSQLDialect does not need to be specified explicitly using 'hibernate.dialect' (remove the property setting and it will be selected by default)
2026-03-20 01:15:24.982 INFO  [restartedMain] org.hibernate.orm.connections.pooling    : HHH10001005: Database info:
	Database JDBC URL [jdbc:postgresql://localhost:5432/ecomm_db]
	Database driver: PostgreSQL JDBC Driver
	Database dialect: PostgreSQLDialect
	Database version: 16.11
	Default catalog/schema: ecomm_db/public
	Autocommit mode: undefined/unknown
	Isolation level: READ_COMMITTED [default READ_COMMITTED]
	JDBC fetch size: none
	Pool: DataSourceConnectionProvider
	Minimum pool size: undefined/unknown
	Maximum pool size: undefined/unknown
2026-03-20 01:15:25.617 INFO  [restartedMain] org.hibernate.orm.core                   : HHH000489: No JTA platform available (set 'hibernate.transaction.jta.platform' to enable JTA platform integration)
2026-03-20 01:15:25.723 INFO  [restartedMain] j.LocalContainerEntityManagerFactoryBean : Initialized JPA EntityManagerFactory for persistence unit 'default'
2026-03-20 01:15:25.800 INFO  [restartedMain] o.s.d.j.r.query.QueryEnhancerFactories   : Hibernate is in classpath; If applicable, HQL parser will be used.
2026-03-20 01:15:25.996 WARN  [restartedMain] JpaBaseConfiguration$JpaWebConfiguration : spring.jpa.open-in-view is enabled by default. Therefore, database queries may be performed during view rendering. Explicitly configure spring.jpa.open-in-view to disable this warning
2026-03-20 01:15:26.670 INFO  [restartedMain] o.s.c.s.m.DirectWithAttributesChannel    : Channel 'user.springCloudBusInput' has 1 subscriber(s).
2026-03-20 01:15:27.216 INFO  [restartedMain] DiscoveryClientOptionalArgsConfiguration : Eureka HTTP Client uses RestClient.
2026-03-20 01:15:27.260 WARN  [restartedMain] iguration$LoadBalancerCaffeineWarnLogger : Spring Cloud LoadBalancer is currently working with the default cache. While this cache implementation is useful for development and tests, it's recommended to use Caffeine cache in production.You can switch to using Caffeine cache, by adding it and org.springframework.cache.caffeine.CaffeineCacheManager to the classpath.
2026-03-20 01:15:27.270 INFO  [restartedMain] o.s.b.a.e.web.EndpointLinksResolver      : Exposing 26 endpoints beneath base path '/actuator'
2026-03-20 01:15:27.384 INFO  [restartedMain] o.s.i.endpoint.EventDrivenConsumer       : Adding {logging-channel-adapter:_org.springframework.integration.errorLogger} as a subscriber to the 'errorChannel' channel
2026-03-20 01:15:27.384 INFO  [restartedMain] o.s.i.channel.PublishSubscribeChannel    : Channel 'user.errorChannel' has 1 subscriber(s).
2026-03-20 01:15:27.384 INFO  [restartedMain] o.s.i.endpoint.EventDrivenConsumer       : started bean '_org.springframework.integration.errorLogger'
2026-03-20 01:15:27.401 INFO  [restartedMain] o.s.c.n.eureka.InstanceInfoFactory       : Setting initial instance status as: STARTING
2026-03-20 01:15:27.418 INFO  [restartedMain] com.netflix.discovery.DiscoveryClient    : Initializing Eureka in region us-east-1
2026-03-20 01:15:27.420 INFO  [restartedMain] c.n.d.s.r.aws.ConfigClusterResolver      : Resolving eureka endpoints via configuration
2026-03-20 01:15:27.425 INFO  [restartedMain] com.netflix.discovery.DiscoveryClient    : Disable delta property : false
2026-03-20 01:15:27.425 INFO  [restartedMain] com.netflix.discovery.DiscoveryClient    : Single vip registry refresh property : null
2026-03-20 01:15:27.425 INFO  [restartedMain] com.netflix.discovery.DiscoveryClient    : Force full registry fetch : false
2026-03-20 01:15:27.425 INFO  [restartedMain] com.netflix.discovery.DiscoveryClient    : Application is null : false
2026-03-20 01:15:27.425 INFO  [restartedMain] com.netflix.discovery.DiscoveryClient    : Registered Applications size is zero : true
2026-03-20 01:15:27.426 INFO  [restartedMain] com.netflix.discovery.DiscoveryClient    : Application version is -1: true
2026-03-20 01:15:27.426 INFO  [restartedMain] com.netflix.discovery.DiscoveryClient    : Getting all instance registry info from the eureka server
2026-03-20 01:15:27.832 INFO  [restartedMain] com.netflix.discovery.DiscoveryClient    : The response status is 200
2026-03-20 01:15:27.833 INFO  [restartedMain] com.netflix.discovery.DiscoveryClient    : Starting heartbeat executor: renew interval is: 30
2026-03-20 01:15:27.834 INFO  [restartedMain] c.n.discovery.InstanceInfoReplicator     : InstanceInfoReplicator onDemand update allowed rate per min is 4
2026-03-20 01:15:27.835 INFO  [restartedMain] com.netflix.discovery.DiscoveryClient    : Discovery Client initialized at timestamp 1773949527835 with initial instances count: 3
2026-03-20 01:15:27.838 INFO  [restartedMain] o.s.c.n.e.s.EurekaServiceRegistry        : Registering application USER with eureka with status UP
2026-03-20 01:15:27.839 INFO  [restartedMain] com.netflix.discovery.DiscoveryClient    : Saw local status change event StatusChangeEvent [timestamp=1773949527839, current=UP, previous=STARTING]
2026-03-20 01:15:27.839 INFO  [DiscoveryClient-InstanceInfoReplicator-%d] com.netflix.discovery.DiscoveryClient    : DiscoveryClient_USER/192.168.1.9:user:8882: registering service...
2026-03-20 01:15:27.841 INFO  [restartedMain] o.s.c.s.binder.DefaultBinderFactory      : Creating binder: rabbit
2026-03-20 01:15:27.841 INFO  [restartedMain] o.s.c.s.binder.DefaultBinderFactory      : Constructing binder child context for rabbit
2026-03-20 01:15:27.922 INFO  [DiscoveryClient-InstanceInfoReplicator-%d] com.netflix.discovery.DiscoveryClient    : DiscoveryClient_USER/192.168.1.9:user:8882 - registration status: 204
2026-03-20 01:15:27.941 INFO  [restartedMain] o.s.c.s.binder.DefaultBinderFactory      : Caching the binder: rabbit
2026-03-20 01:15:27.972 INFO  [restartedMain] c.s.b.r.p.RabbitExchangeQueueProvisioner : declaring queue for inbound: springCloudBus.anonymous.vvbYEeuQSTWm1kN83YXDDw, bound to: springCloudBus
2026-03-20 01:15:27.978 INFO  [restartedMain] o.s.a.r.c.CachingConnectionFactory       : Attempting to connect to: [localhost:5672]
2026-03-20 01:15:28.068 INFO  [restartedMain] o.s.a.r.c.CachingConnectionFactory       : Created new connection: rabbitConnectionFactory#43e57c7f:0/SimpleConnection@465db6b1 [delegate=amqp://guest@127.0.0.1:5672/, localPort=51341]
2026-03-20 01:15:28.269 INFO  [restartedMain] o.s.c.stream.binder.BinderErrorChannel   : Channel 'rabbit-51848403.springCloudBusInput.errors' has 1 subscriber(s).
2026-03-20 01:15:28.270 INFO  [restartedMain] o.s.c.stream.binder.BinderErrorChannel   : Channel 'rabbit-51848403.springCloudBusInput.errors' has 2 subscriber(s).
2026-03-20 01:15:28.301 INFO  [restartedMain] o.s.i.a.i.AmqpInboundChannelAdapter      : started bean 'inbound.springCloudBus.anonymous.vvbYEeuQSTWm1kN83YXDDw'
2026-03-20 01:15:28.324 INFO  [restartedMain] o.s.boot.tomcat.TomcatWebServer          : Tomcat started on port 8882 (http) with context path '/'
2026-03-20 01:15:28.326 INFO  [restartedMain] .s.c.n.e.s.EurekaAutoServiceRegistration : Updating port to 8882
2026-03-20 01:15:28.397 INFO  [restartedMain] com.ecommerce.user.UserApplication       : Started UserApplication in 8.621 seconds (process running for 10.493)
2026-03-20 01:15:30.835 INFO  [http-nio-8882-exec-1] o.a.c.c.C.[Tomcat].[localhost].[/]       : Initializing Spring DispatcherServlet 'dispatcherServlet'
2026-03-20 01:15:30.837 INFO  [http-nio-8882-exec-1] o.s.web.servlet.DispatcherServlet        : Initializing Servlet 'dispatcherServlet'
2026-03-20 01:15:30.848 INFO  [http-nio-8882-exec-1] o.s.web.servlet.DispatcherServlet        : Completed initialization in 10 ms
2026-03-20 01:20:27.472 INFO  [AsyncResolver-bootstrap-executor-%d] c.n.d.s.r.aws.ConfigClusterResolver      : Resolving eureka endpoints via configuration
2026-03-20 01:25:27.556 INFO  [AsyncResolver-bootstrap-executor-%d] c.n.d.s.r.aws.ConfigClusterResolver      : Resolving eureka endpoints via configuration
2026-03-20 01:30:27.611 INFO  [AsyncResolver-bootstrap-executor-%d] c.n.d.s.r.aws.ConfigClusterResolver      : Resolving eureka endpoints via configuration
2026-03-20 01:35:27.654 INFO  [AsyncResolver-bootstrap-executor-%d] c.n.d.s.r.aws.ConfigClusterResolver      : Resolving eureka endpoints via configuration
2026-03-20 01:40:27.702 INFO  [AsyncResolver-bootstrap-executor-%d] c.n.d.s.r.aws.ConfigClusterResolver      : Resolving eureka endpoints via configuration
2026-03-20 01:42:36.376 INFO  [http-nio-8882-exec-3] c.e.user.controllers.UserController      : Request received to fetch all users
2026-03-20 01:42:37.299 DEBUG [http-nio-8882-exec-3] org.hibernate.SQL                        : 
    select
        u1_0.id,
        u1_0.address_id,
        u1_0.created_at,
        u1_0.email,
        u1_0.first_name,
        u1_0.last_name,
        u1_0.phone,
        u1_0.role,
        u1_0.updated_at 
    from
        users_tab u1_0
2026-03-20 01:42:37.418 DEBUG [http-nio-8882-exec-3] org.hibernate.SQL                        : 
    select
        a1_0.id,
        a1_0.city,
        a1_0.country,
        a1_0.state,
        a1_0.street,
        a1_0.zipcode 
    from
        address_tab a1_0 
    where
        a1_0.id=?
2026-03-20 01:42:37.421 TRACE [http-nio-8882-exec-3] org.hibernate.orm.jdbc.bind              : binding parameter (1:BIGINT) <- [1]
2026-03-20 01:42:37.522 INFO  [http-nio-8882-exec-3] c.e.user.controllers.UserController      : Successfully fetched 1 users
2026-03-20 01:42:46.019 INFO  [http-nio-8882-exec-8] c.e.user.controllers.UserController      : Request received to fetch user with id 1
2026-03-20 01:42:46.064 DEBUG [http-nio-8882-exec-8] org.hibernate.SQL                        : 
    select
        u1_0.id,
        a1_0.id,
        a1_0.city,
        a1_0.country,
        a1_0.state,
        a1_0.street,
        a1_0.zipcode,
        u1_0.created_at,
        u1_0.email,
        u1_0.first_name,
        u1_0.last_name,
        u1_0.phone,
        u1_0.role,
        u1_0.updated_at 
    from
        users_tab u1_0 
    left join
        address_tab a1_0 
            on a1_0.id=u1_0.address_id 
    where
        u1_0.id=?
2026-03-20 01:42:46.065 TRACE [http-nio-8882-exec-8] org.hibernate.orm.jdbc.bind              : binding parameter (1:BIGINT) <- [1]
2026-03-20 01:42:46.116 INFO  [http-nio-8882-exec-8] c.e.user.controllers.UserController      : Successfully fetched user with id: 1
2026-03-20 01:45:27.739 INFO  [AsyncResolver-bootstrap-executor-%d] c.n.d.s.r.aws.ConfigClusterResolver      : Resolving eureka endpoints via configuration
2026-03-20 01:50:27.772 INFO  [AsyncResolver-bootstrap-executor-%d] c.n.d.s.r.aws.ConfigClusterResolver      : Resolving eureka endpoints via configuration
2026-03-20 01:55:08.661 INFO  [http-nio-8882-exec-7] c.e.user.controllers.UserController      : Request received to fetch all users
2026-03-20 01:55:09.432 DEBUG [http-nio-8882-exec-7] org.hibernate.SQL                        : 
    select
        u1_0.id,
        u1_0.address_id,
        u1_0.created_at,
        u1_0.email,
        u1_0.first_name,
        u1_0.last_name,
        u1_0.phone,
        u1_0.role,
        u1_0.updated_at 
    from
        users_tab u1_0
2026-03-20 01:55:09.821 DEBUG [http-nio-8882-exec-7] org.hibernate.SQL                        : 
    select
        a1_0.id,
        a1_0.city,
        a1_0.country,
        a1_0.state,
        a1_0.street,
        a1_0.zipcode 
    from
        address_tab a1_0 
    where
        a1_0.id=?
2026-03-20 01:55:09.831 TRACE [http-nio-8882-exec-7] org.hibernate.orm.jdbc.bind              : binding parameter (1:BIGINT) <- [1]
2026-03-20 01:55:09.993 INFO  [http-nio-8882-exec-7] c.e.user.controllers.UserController      : Successfully fetched 1 users
2026-03-20 01:55:27.806 INFO  [AsyncResolver-bootstrap-executor-%d] c.n.d.s.r.aws.ConfigClusterResolver      : Resolving eureka endpoints via configuration
2026-03-20 02:00:01.993 INFO  [http-nio-8882-exec-8] c.e.user.controllers.UserController      : Request received to fetch all users
2026-03-20 02:00:02.650 DEBUG [http-nio-8882-exec-8] org.hibernate.SQL                        : 
    select
        u1_0.id,
        u1_0.address_id,
        u1_0.created_at,
        u1_0.email,
        u1_0.first_name,
        u1_0.last_name,
        u1_0.phone,
        u1_0.role,
        u1_0.updated_at 
    from
        users_tab u1_0
2026-03-20 02:00:02.837 DEBUG [http-nio-8882-exec-8] org.hibernate.SQL                        : 
    select
        a1_0.id,
        a1_0.city,
        a1_0.country,
        a1_0.state,
        a1_0.street,
        a1_0.zipcode 
    from
        address_tab a1_0 
    where
        a1_0.id=?
2026-03-20 02:00:02.945 TRACE [http-nio-8882-exec-8] org.hibernate.orm.jdbc.bind              : binding parameter (1:BIGINT) <- [1]
2026-03-20 02:00:03.029 INFO  [http-nio-8882-exec-8] c.e.user.controllers.UserController      : Successfully fetched 1 users
2026-03-20 02:00:17.248 INFO  [http-nio-8882-exec-4] c.e.user.controllers.UserController      : Request received to fetch all users
2026-03-20 02:00:17.296 DEBUG [http-nio-8882-exec-4] org.hibernate.SQL                        : 
    select
        u1_0.id,
        u1_0.address_id,
        u1_0.created_at,
        u1_0.email,
        u1_0.first_name,
        u1_0.last_name,
        u1_0.phone,
        u1_0.role,
        u1_0.updated_at 
    from
        users_tab u1_0
2026-03-20 02:00:17.317 DEBUG [http-nio-8882-exec-4] org.hibernate.SQL                        : 
    select
        a1_0.id,
        a1_0.city,
        a1_0.country,
        a1_0.state,
        a1_0.street,
        a1_0.zipcode 
    from
        address_tab a1_0 
    where
        a1_0.id=?
2026-03-20 02:00:17.319 TRACE [http-nio-8882-exec-4] org.hibernate.orm.jdbc.bind              : binding parameter (1:BIGINT) <- [1]
2026-03-20 02:00:17.334 INFO  [http-nio-8882-exec-4] c.e.user.controllers.UserController      : Successfully fetched 1 users
2026-03-20 02:00:27.816 INFO  [AsyncResolver-bootstrap-executor-%d] c.n.d.s.r.aws.ConfigClusterResolver      : Resolving eureka endpoints via configuration
2026-03-20 02:03:19.492 INFO  [http-nio-8882-exec-6] c.e.user.controllers.UserController      : Request received to fetch all users
2026-03-20 02:03:19.904 DEBUG [http-nio-8882-exec-6] org.hibernate.SQL                        : 
    select
        u1_0.id,
        u1_0.address_id,
        u1_0.created_at,
        u1_0.email,
        u1_0.first_name,
        u1_0.last_name,
        u1_0.phone,
        u1_0.role,
        u1_0.updated_at 
    from
        users_tab u1_0
2026-03-20 02:03:19.979 DEBUG [http-nio-8882-exec-6] org.hibernate.SQL                        : 
    select
        a1_0.id,
        a1_0.city,
        a1_0.country,
        a1_0.state,
        a1_0.street,
        a1_0.zipcode 
    from
        address_tab a1_0 
    where
        a1_0.id=?
2026-03-20 02:03:19.985 TRACE [http-nio-8882-exec-6] org.hibernate.orm.jdbc.bind              : binding parameter (1:BIGINT) <- [1]
2026-03-20 02:03:20.034 INFO  [http-nio-8882-exec-6] c.e.user.controllers.UserController      : Successfully fetched 1 users
2026-03-20 02:05:27.830 INFO  [AsyncResolver-bootstrap-executor-%d] c.n.d.s.r.aws.ConfigClusterResolver      : Resolving eureka endpoints via configuration
2026-03-20 02:06:53.787 INFO  [http-nio-8882-exec-9] c.e.user.controllers.UserController      : Request received to fetch all users
2026-03-20 02:06:54.010 DEBUG [http-nio-8882-exec-9] org.hibernate.SQL                        : 
    select
        u1_0.id,
        u1_0.address_id,
        u1_0.created_at,
        u1_0.email,
        u1_0.first_name,
        u1_0.last_name,
        u1_0.phone,
        u1_0.role,
        u1_0.updated_at 
    from
        users_tab u1_0
2026-03-20 02:06:54.280 DEBUG [http-nio-8882-exec-9] org.hibernate.SQL                        : 
    select
        a1_0.id,
        a1_0.city,
        a1_0.country,
        a1_0.state,
        a1_0.street,
        a1_0.zipcode 
    from
        address_tab a1_0 
    where
        a1_0.id=?
2026-03-20 02:06:54.284 TRACE [http-nio-8882-exec-9] org.hibernate.orm.jdbc.bind              : binding parameter (1:BIGINT) <- [1]
2026-03-20 02:06:54.383 INFO  [http-nio-8882-exec-9] c.e.user.controllers.UserController      : Successfully fetched 1 users
2026-03-20 02:10:27.861 INFO  [AsyncResolver-bootstrap-executor-%d] c.n.d.s.r.aws.ConfigClusterResolver      : Resolving eureka endpoints via configuration
2026-03-20 02:15:27.901 INFO  [AsyncResolver-bootstrap-executor-%d] c.n.d.s.r.aws.ConfigClusterResolver      : Resolving eureka endpoints via configuration
2026-03-20 02:20:27.931 INFO  [AsyncResolver-bootstrap-executor-%d] c.n.d.s.r.aws.ConfigClusterResolver      : Resolving eureka endpoints via configuration
2026-03-20 02:25:27.955 INFO  [AsyncResolver-bootstrap-executor-%d] c.n.d.s.r.aws.ConfigClusterResolver      : Resolving eureka endpoints via configuration
2026-03-20 02:45:42.075 WARN  [HikariPool-1:housekeeper] com.zaxxer.hikari.pool.HikariPool        : HikariPool-1 - Thread starvation or clock leap detected (housekeeper delta=18m15s954ms).
2026-03-20 05:29:48.916 WARN  [HikariPool-1:housekeeper] com.zaxxer.hikari.pool.HikariPool        : HikariPool-1 - Thread starvation or clock leap detected (housekeeper delta=2h44m6s847ms).
2026-03-20 07:16:21.575 WARN  [HikariPool-1:housekeeper] com.zaxxer.hikari.pool.HikariPool        : HikariPool-1 - Thread starvation or clock leap detected (housekeeper delta=1h46m32s662ms).
2026-03-20 07:55:35.809 WARN  [HikariPool-1:housekeeper] com.zaxxer.hikari.pool.HikariPool        : HikariPool-1 - Thread starvation or clock leap detected (housekeeper delta=39m14s234ms).
2026-03-20 08:44:18.796 WARN  [HikariPool-1:housekeeper] com.zaxxer.hikari.pool.HikariPool        : HikariPool-1 - Thread starvation or clock leap detected (housekeeper delta=48m42s989ms).
2026-03-20 08:49:56.941 WARN  [HikariPool-1:housekeeper] com.zaxxer.hikari.pool.HikariPool        : HikariPool-1 - Thread starvation or clock leap detected (housekeeper delta=5m38s127ms).
2026-03-20 08:49:58.680 INFO  [AsyncResolver-bootstrap-executor-%d] c.n.d.s.r.aws.ConfigClusterResolver      : Resolving eureka endpoints via configuration
2026-03-20 08:54:58.714 INFO  [AsyncResolver-bootstrap-executor-%d] c.n.d.s.r.aws.ConfigClusterResolver      : Resolving eureka endpoints via configuration
2026-03-20 08:59:58.754 INFO  [AsyncResolver-bootstrap-executor-%d] c.n.d.s.r.aws.ConfigClusterResolver      : Resolving eureka endpoints via configuration
2026-03-20 09:04:58.825 INFO  [AsyncResolver-bootstrap-executor-%d] c.n.d.s.r.aws.ConfigClusterResolver      : Resolving eureka endpoints via configuration
2026-03-20 09:09:58.939 INFO  [AsyncResolver-bootstrap-executor-%d] c.n.d.s.r.aws.ConfigClusterResolver      : Resolving eureka endpoints via configuration
2026-03-20 09:14:58.968 INFO  [AsyncResolver-bootstrap-executor-%d] c.n.d.s.r.aws.ConfigClusterResolver      : Resolving eureka endpoints via configuration
2026-03-20 09:19:58.994 INFO  [AsyncResolver-bootstrap-executor-%d] c.n.d.s.r.aws.ConfigClusterResolver      : Resolving eureka endpoints via configuration
2026-03-20 09:24:59.067 INFO  [AsyncResolver-bootstrap-executor-%d] c.n.d.s.r.aws.ConfigClusterResolver      : Resolving eureka endpoints via configuration
2026-03-20 09:29:59.167 INFO  [AsyncResolver-bootstrap-executor-%d] c.n.d.s.r.aws.ConfigClusterResolver      : Resolving eureka endpoints via configuration
2026-03-20 09:34:59.437 INFO  [AsyncResolver-bootstrap-executor-%d] c.n.d.s.r.aws.ConfigClusterResolver      : Resolving eureka endpoints via configuration
2026-03-20 09:37:34.220 WARN  [AsyncReporter{ZipkinHttpClientSender{http://localhost:9411/api/v2/spans}}] z.r.i.AsyncReporter$BoundedAsyncReporter : Spans were dropped due to exceptions. All subsequent errors will be logged at FINE level.
2026-03-20 09:37:34.415 WARN  [AsyncReporter{ZipkinHttpClientSender{http://localhost:9411/api/v2/spans}}] z.r.i.AsyncReporter$BoundedAsyncReporter : Dropped 1 spans due to HttpTimeoutException(request timed out)
java.net.http.HttpTimeoutException: request timed out
	at java.net.http/jdk.internal.net.http.HttpClientImpl.send(HttpClientImpl.java:898)
	at java.net.http/jdk.internal.net.http.HttpClientFacade.send(HttpClientFacade.java:133)
	at org.springframework.boot.zipkin.autoconfigure.ZipkinHttpClientSender.postSpans(ZipkinHttpClientSender.java:59)
	at org.springframework.boot.zipkin.autoconfigure.HttpSender.postSpans(HttpSender.java:69)
	at org.springframework.boot.zipkin.autoconfigure.HttpSender.postSpans(HttpSender.java:41)
	at zipkin2.reporter.BaseHttpSender.send(BaseHttpSender.java:123)
	at zipkin2.reporter.internal.AsyncReporter$BoundedAsyncReporter.flush(AsyncReporter.java:266)
	at zipkin2.reporter.internal.AsyncReporter$Flusher.run(AsyncReporter.java:352)
	at java.base/java.lang.Thread.run(Thread.java:840)
2026-03-20 09:39:59.768 INFO  [AsyncResolver-bootstrap-executor-%d] c.n.d.s.r.aws.ConfigClusterResolver      : Resolving eureka endpoints via configuration
2026-03-20 09:44:59.967 INFO  [AsyncResolver-bootstrap-executor-%d] c.n.d.s.r.aws.ConfigClusterResolver      : Resolving eureka endpoints via configuration
2026-03-20 09:50:00.212 INFO  [AsyncResolver-bootstrap-executor-%d] c.n.d.s.r.aws.ConfigClusterResolver      : Resolving eureka endpoints via configuration
2026-03-20 09:55:00.272 INFO  [AsyncResolver-bootstrap-executor-%d] c.n.d.s.r.aws.ConfigClusterResolver      : Resolving eureka endpoints via configuration
2026-03-20 10:00:00.362 INFO  [AsyncResolver-bootstrap-executor-%d] c.n.d.s.r.aws.ConfigClusterResolver      : Resolving eureka endpoints via configuration
2026-03-20 10:05:00.530 INFO  [AsyncResolver-bootstrap-executor-%d] c.n.d.s.r.aws.ConfigClusterResolver      : Resolving eureka endpoints via configuration
2026-03-20 10:10:00.606 INFO  [AsyncResolver-bootstrap-executor-%d] c.n.d.s.r.aws.ConfigClusterResolver      : Resolving eureka endpoints via configuration
2026-03-20 10:15:00.774 INFO  [AsyncResolver-bootstrap-executor-%d] c.n.d.s.r.aws.ConfigClusterResolver      : Resolving eureka endpoints via configuration
2026-03-20 10:20:00.826 INFO  [AsyncResolver-bootstrap-executor-%d] c.n.d.s.r.aws.ConfigClusterResolver      : Resolving eureka endpoints via configuration
2026-03-20 10:25:00.879 INFO  [AsyncResolver-bootstrap-executor-%d] c.n.d.s.r.aws.ConfigClusterResolver      : Resolving eureka endpoints via configuration
2026-03-20 10:30:00.990 INFO  [AsyncResolver-bootstrap-executor-%d] c.n.d.s.r.aws.ConfigClusterResolver      : Resolving eureka endpoints via configuration
2026-03-20 10:35:01.115 INFO  [AsyncResolver-bootstrap-executor-%d] c.n.d.s.r.aws.ConfigClusterResolver      : Resolving eureka endpoints via configuration
2026-03-20 10:40:01.196 INFO  [AsyncResolver-bootstrap-executor-%d] c.n.d.s.r.aws.ConfigClusterResolver      : Resolving eureka endpoints via configuration
2026-03-20 10:45:01.254 INFO  [AsyncResolver-bootstrap-executor-%d] c.n.d.s.r.aws.ConfigClusterResolver      : Resolving eureka endpoints via configuration
2026-03-20 10:50:01.427 INFO  [AsyncResolver-bootstrap-executor-%d] c.n.d.s.r.aws.ConfigClusterResolver      : Resolving eureka endpoints via configuration
2026-03-20 10:55:02.118 INFO  [AsyncResolver-bootstrap-executor-%d] c.n.d.s.r.aws.ConfigClusterResolver      : Resolving eureka endpoints via configuration
2026-03-20 11:00:02.201 INFO  [AsyncResolver-bootstrap-executor-%d] c.n.d.s.r.aws.ConfigClusterResolver      : Resolving eureka endpoints via configuration
2026-03-20 11:05:02.367 INFO  [AsyncResolver-bootstrap-executor-%d] c.n.d.s.r.aws.ConfigClusterResolver      : Resolving eureka endpoints via configuration
2026-03-20 11:10:02.425 INFO  [AsyncResolver-bootstrap-executor-%d] c.n.d.s.r.aws.ConfigClusterResolver      : Resolving eureka endpoints via configuration
2026-03-20 11:15:02.478 INFO  [AsyncResolver-bootstrap-executor-%d] c.n.d.s.r.aws.ConfigClusterResolver      : Resolving eureka endpoints via configuration
2026-03-20 11:20:02.519 INFO  [AsyncResolver-bootstrap-executor-%d] c.n.d.s.r.aws.ConfigClusterResolver      : Resolving eureka endpoints via configuration
2026-03-20 11:25:02.580 INFO  [AsyncResolver-bootstrap-executor-%d] c.n.d.s.r.aws.ConfigClusterResolver      : Resolving eureka endpoints via configuration
2026-03-20 11:30:02.620 INFO  [AsyncResolver-bootstrap-executor-%d] c.n.d.s.r.aws.ConfigClusterResolver      : Resolving eureka endpoints via configuration
2026-03-20 11:35:02.642 INFO  [AsyncResolver-bootstrap-executor-%d] c.n.d.s.r.aws.ConfigClusterResolver      : Resolving eureka endpoints via configuration
2026-03-20 11:40:02.671 INFO  [AsyncResolver-bootstrap-executor-%d] c.n.d.s.r.aws.ConfigClusterResolver      : Resolving eureka endpoints via configuration
2026-03-20 11:45:02.698 INFO  [AsyncResolver-bootstrap-executor-%d] c.n.d.s.r.aws.ConfigClusterResolver      : Resolving eureka endpoints via configuration
2026-03-20 11:50:02.718 INFO  [AsyncResolver-bootstrap-executor-%d] c.n.d.s.r.aws.ConfigClusterResolver      : Resolving eureka endpoints via configuration
2026-03-20 11:55:02.752 INFO  [AsyncResolver-bootstrap-executor-%d] c.n.d.s.r.aws.ConfigClusterResolver      : Resolving eureka endpoints via configuration
2026-03-20 12:00:02.780 INFO  [AsyncResolver-bootstrap-executor-%d] c.n.d.s.r.aws.ConfigClusterResolver      : Resolving eureka endpoints via configuration
2026-03-20 12:05:02.815 INFO  [AsyncResolver-bootstrap-executor-%d] c.n.d.s.r.aws.ConfigClusterResolver      : Resolving eureka endpoints via configuration
2026-03-20 12:10:02.835 INFO  [AsyncResolver-bootstrap-executor-%d] c.n.d.s.r.aws.ConfigClusterResolver      : Resolving eureka endpoints via configuration
2026-03-20 12:15:02.884 INFO  [AsyncResolver-bootstrap-executor-%d] c.n.d.s.r.aws.ConfigClusterResolver      : Resolving eureka endpoints via configuration
2026-03-20 12:20:02.924 INFO  [AsyncResolver-bootstrap-executor-%d] c.n.d.s.r.aws.ConfigClusterResolver      : Resolving eureka endpoints via configuration
2026-03-20 12:25:02.963 INFO  [AsyncResolver-bootstrap-executor-%d] c.n.d.s.r.aws.ConfigClusterResolver      : Resolving eureka endpoints via configuration
2026-03-20 12:30:03.022 INFO  [AsyncResolver-bootstrap-executor-%d] c.n.d.s.r.aws.ConfigClusterResolver      : Resolving eureka endpoints via configuration
2026-03-20 12:35:03.079 INFO  [AsyncResolver-bootstrap-executor-%d] c.n.d.s.r.aws.ConfigClusterResolver      : Resolving eureka endpoints via configuration
2026-03-20 12:40:03.141 INFO  [AsyncResolver-bootstrap-executor-%d] c.n.d.s.r.aws.ConfigClusterResolver      : Resolving eureka endpoints via configuration
2026-03-20 12:45:03.227 INFO  [AsyncResolver-bootstrap-executor-%d] c.n.d.s.r.aws.ConfigClusterResolver      : Resolving eureka endpoints via configuration
2026-03-20 12:50:03.336 INFO  [AsyncResolver-bootstrap-executor-%d] c.n.d.s.r.aws.ConfigClusterResolver      : Resolving eureka endpoints via configuration
2026-03-20 12:55:03.586 INFO  [AsyncResolver-bootstrap-executor-%d] c.n.d.s.r.aws.ConfigClusterResolver      : Resolving eureka endpoints via configuration
2026-03-20 13:00:03.677 INFO  [AsyncResolver-bootstrap-executor-%d] c.n.d.s.r.aws.ConfigClusterResolver      : Resolving eureka endpoints via configuration
2026-03-20 13:05:03.792 INFO  [AsyncResolver-bootstrap-executor-%d] c.n.d.s.r.aws.ConfigClusterResolver      : Resolving eureka endpoints via configuration
2026-03-20 13:10:03.870 INFO  [AsyncResolver-bootstrap-executor-%d] c.n.d.s.r.aws.ConfigClusterResolver      : Resolving eureka endpoints via configuration
2026-03-20 13:15:03.936 INFO  [AsyncResolver-bootstrap-executor-%d] c.n.d.s.r.aws.ConfigClusterResolver      : Resolving eureka endpoints via configuration
2026-03-20 13:20:03.975 INFO  [AsyncResolver-bootstrap-executor-%d] c.n.d.s.r.aws.ConfigClusterResolver      : Resolving eureka endpoints via configuration
2026-03-20 13:25:04.029 INFO  [AsyncResolver-bootstrap-executor-%d] c.n.d.s.r.aws.ConfigClusterResolver      : Resolving eureka endpoints via configuration
2026-03-20 13:30:04.091 INFO  [AsyncResolver-bootstrap-executor-%d] c.n.d.s.r.aws.ConfigClusterResolver      : Resolving eureka endpoints via configuration
2026-03-20 13:35:04.141 INFO  [AsyncResolver-bootstrap-executor-%d] c.n.d.s.r.aws.ConfigClusterResolver      : Resolving eureka endpoints via configuration
2026-03-20 13:40:04.191 INFO  [AsyncResolver-bootstrap-executor-%d] c.n.d.s.r.aws.ConfigClusterResolver      : Resolving eureka endpoints via configuration
2026-03-20 13:45:04.245 INFO  [AsyncResolver-bootstrap-executor-%d] c.n.d.s.r.aws.ConfigClusterResolver      : Resolving eureka endpoints via configuration
2026-03-20 13:50:04.307 INFO  [AsyncResolver-bootstrap-executor-%d] c.n.d.s.r.aws.ConfigClusterResolver      : Resolving eureka endpoints via configuration
2026-03-20 13:55:04.387 INFO  [AsyncResolver-bootstrap-executor-%d] c.n.d.s.r.aws.ConfigClusterResolver      : Resolving eureka endpoints via configuration
2026-03-20 14:00:04.533 INFO  [AsyncResolver-bootstrap-executor-%d] c.n.d.s.r.aws.ConfigClusterResolver      : Resolving eureka endpoints via configuration
2026-03-20 14:05:04.573 INFO  [AsyncResolver-bootstrap-executor-%d] c.n.d.s.r.aws.ConfigClusterResolver      : Resolving eureka endpoints via configuration
2026-03-20 14:10:04.626 INFO  [AsyncResolver-bootstrap-executor-%d] c.n.d.s.r.aws.ConfigClusterResolver      : Resolving eureka endpoints via configuration
2026-03-20 14:15:04.689 INFO  [AsyncResolver-bootstrap-executor-%d] c.n.d.s.r.aws.ConfigClusterResolver      : Resolving eureka endpoints via configuration
2026-03-20 14:20:04.774 INFO  [AsyncResolver-bootstrap-executor-%d] c.n.d.s.r.aws.ConfigClusterResolver      : Resolving eureka endpoints via configuration
2026-03-20 14:25:04.876 INFO  [AsyncResolver-bootstrap-executor-%d] c.n.d.s.r.aws.ConfigClusterResolver      : Resolving eureka endpoints via configuration
2026-03-20 14:30:05.137 INFO  [AsyncResolver-bootstrap-executor-%d] c.n.d.s.r.aws.ConfigClusterResolver      : Resolving eureka endpoints via configuration
2026-03-20 14:35:05.446 INFO  [AsyncResolver-bootstrap-executor-%d] c.n.d.s.r.aws.ConfigClusterResolver      : Resolving eureka endpoints via configuration
2026-03-20 14:57:18.480 WARN  [HikariPool-1:housekeeper] com.zaxxer.hikari.pool.HikariPool        : HikariPool-1 - Thread starvation or clock leap detected (housekeeper delta=19m46s293ms).
2026-03-20 15:12:09.178 WARN  [HikariPool-1:housekeeper] com.zaxxer.hikari.pool.HikariPool        : HikariPool-1 - Thread starvation or clock leap detected (housekeeper delta=14m50s698ms).
2026-03-20 15:12:57.919 WARN  [HikariPool-1:housekeeper] com.zaxxer.hikari.pool.HikariPool        : HikariPool-1 - Thread starvation or clock leap detected (housekeeper delta=48s738ms).
2026-03-20 15:26:01.861 WARN  [HikariPool-1:housekeeper] com.zaxxer.hikari.pool.HikariPool        : HikariPool-1 - Thread starvation or clock leap detected (housekeeper delta=13m3s951ms).
2026-03-20 16:50:55.321 WARN  [HikariPool-1:housekeeper] com.zaxxer.hikari.pool.HikariPool        : HikariPool-1 - Thread starvation or clock leap detected (housekeeper delta=1h24m53s440ms).
2026-03-20 16:52:19.565 INFO  [AsyncResolver-bootstrap-executor-%d] c.n.d.s.r.aws.ConfigClusterResolver      : Resolving eureka endpoints via configuration
2026-03-20 16:56:26.128 INFO  [DiscoveryClient-HeartbeatExecutor-%d] com.netflix.discovery.DiscoveryClient    : DiscoveryClient_USER/192.168.1.9:user:8882 - Re-registering apps/USER
2026-03-20 16:56:26.294 INFO  [DiscoveryClient-HeartbeatExecutor-%d] com.netflix.discovery.DiscoveryClient    : DiscoveryClient_USER/192.168.1.9:user:8882: registering service...
2026-03-20 16:56:26.979 WARN  [HikariPool-1:housekeeper] com.zaxxer.hikari.pool.HikariPool        : HikariPool-1 - Thread starvation or clock leap detected (housekeeper delta=5m31s651ms).
2026-03-20 16:56:28.643 INFO  [DiscoveryClient-HeartbeatExecutor-%d] com.netflix.discovery.DiscoveryClient    : DiscoveryClient_USER/192.168.1.9:user:8882 - registration status: 204
2026-03-20 17:01:00.162 INFO  [AsyncResolver-bootstrap-executor-%d] c.n.d.s.r.aws.ConfigClusterResolver      : Resolving eureka endpoints via configuration
2026-03-20 17:06:00.245 INFO  [AsyncResolver-bootstrap-executor-%d] c.n.d.s.r.aws.ConfigClusterResolver      : Resolving eureka endpoints via configuration
2026-03-20 17:11:00.340 INFO  [AsyncResolver-bootstrap-executor-%d] c.n.d.s.r.aws.ConfigClusterResolver      : Resolving eureka endpoints via configuration
2026-03-20 17:16:00.408 INFO  [AsyncResolver-bootstrap-executor-%d] c.n.d.s.r.aws.ConfigClusterResolver      : Resolving eureka endpoints via configuration
2026-03-20 17:21:00.489 INFO  [AsyncResolver-bootstrap-executor-%d] c.n.d.s.r.aws.ConfigClusterResolver      : Resolving eureka endpoints via configuration
2026-03-20 17:26:00.580 INFO  [AsyncResolver-bootstrap-executor-%d] c.n.d.s.r.aws.ConfigClusterResolver      : Resolving eureka endpoints via configuration
2026-03-20 17:31:00.627 INFO  [AsyncResolver-bootstrap-executor-%d] c.n.d.s.r.aws.ConfigClusterResolver      : Resolving eureka endpoints via configuration
2026-03-20 17:36:00.664 INFO  [AsyncResolver-bootstrap-executor-%d] c.n.d.s.r.aws.ConfigClusterResolver      : Resolving eureka endpoints via configuration
2026-03-20 17:41:00.704 INFO  [AsyncResolver-bootstrap-executor-%d] c.n.d.s.r.aws.ConfigClusterResolver      : Resolving eureka endpoints via configuration
2026-03-20 17:46:00.739 INFO  [AsyncResolver-bootstrap-executor-%d] c.n.d.s.r.aws.ConfigClusterResolver      : Resolving eureka endpoints via configuration
2026-03-20 17:51:00.778 INFO  [AsyncResolver-bootstrap-executor-%d] c.n.d.s.r.aws.ConfigClusterResolver      : Resolving eureka endpoints via configuration
2026-03-20 17:56:00.953 INFO  [AsyncResolver-bootstrap-executor-%d] c.n.d.s.r.aws.ConfigClusterResolver      : Resolving eureka endpoints via configuration
2026-03-20 18:01:01.153 INFO  [AsyncResolver-bootstrap-executor-%d] c.n.d.s.r.aws.ConfigClusterResolver      : Resolving eureka endpoints via configuration
2026-03-20 18:06:01.238 INFO  [AsyncResolver-bootstrap-executor-%d] c.n.d.s.r.aws.ConfigClusterResolver      : Resolving eureka endpoints via configuration
2026-03-20 18:11:01.303 INFO  [AsyncResolver-bootstrap-executor-%d] c.n.d.s.r.aws.ConfigClusterResolver      : Resolving eureka endpoints via configuration
2026-03-20 18:16:01.387 INFO  [AsyncResolver-bootstrap-executor-%d] c.n.d.s.r.aws.ConfigClusterResolver      : Resolving eureka endpoints via configuration
2026-03-20 18:21:01.465 INFO  [AsyncResolver-bootstrap-executor-%d] c.n.d.s.r.aws.ConfigClusterResolver      : Resolving eureka endpoints via configuration
2026-03-20 18:26:01.531 INFO  [AsyncResolver-bootstrap-executor-%d] c.n.d.s.r.aws.ConfigClusterResolver      : Resolving eureka endpoints via configuration
2026-03-20 18:31:01.582 INFO  [AsyncResolver-bootstrap-executor-%d] c.n.d.s.r.aws.ConfigClusterResolver      : Resolving eureka endpoints via configuration
2026-03-20 18:36:01.644 INFO  [AsyncResolver-bootstrap-executor-%d] c.n.d.s.r.aws.ConfigClusterResolver      : Resolving eureka endpoints via configuration
2026-03-20 18:41:01.708 INFO  [AsyncResolver-bootstrap-executor-%d] c.n.d.s.r.aws.ConfigClusterResolver      : Resolving eureka endpoints via configuration
2026-03-20 18:46:01.758 INFO  [AsyncResolver-bootstrap-executor-%d] c.n.d.s.r.aws.ConfigClusterResolver      : Resolving eureka endpoints via configuration
2026-03-20 19:22:06.153 WARN  [HikariPool-1:housekeeper] com.zaxxer.hikari.pool.HikariPool        : HikariPool-1 - Thread starvation or clock leap detected (housekeeper delta=34m7s648ms).
2026-03-20 19:24:39.464 INFO  [AsyncResolver-bootstrap-executor-%d] c.n.d.s.r.aws.ConfigClusterResolver      : Resolving eureka endpoints via configuration
2026-03-20 19:29:39.506 INFO  [AsyncResolver-bootstrap-executor-%d] c.n.d.s.r.aws.ConfigClusterResolver      : Resolving eureka endpoints via configuration
2026-03-20 19:34:39.615 INFO  [AsyncResolver-bootstrap-executor-%d] c.n.d.s.r.aws.ConfigClusterResolver      : Resolving eureka endpoints via configuration
2026-03-20 19:39:39.677 INFO  [AsyncResolver-bootstrap-executor-%d] c.n.d.s.r.aws.ConfigClusterResolver      : Resolving eureka endpoints via configuration
2026-03-20 19:44:39.741 INFO  [AsyncResolver-bootstrap-executor-%d] c.n.d.s.r.aws.ConfigClusterResolver      : Resolving eureka endpoints via configuration
2026-03-20 19:49:39.805 INFO  [AsyncResolver-bootstrap-executor-%d] c.n.d.s.r.aws.ConfigClusterResolver      : Resolving eureka endpoints via configuration
2026-03-20 19:54:39.862 INFO  [AsyncResolver-bootstrap-executor-%d] c.n.d.s.r.aws.ConfigClusterResolver      : Resolving eureka endpoints via configuration
2026-03-20 19:59:39.914 INFO  [AsyncResolver-bootstrap-executor-%d] c.n.d.s.r.aws.ConfigClusterResolver      : Resolving eureka endpoints via configuration
2026-03-20 20:04:39.964 INFO  [AsyncResolver-bootstrap-executor-%d] c.n.d.s.r.aws.ConfigClusterResolver      : Resolving eureka endpoints via configuration
2026-03-20 20:09:40.016 INFO  [AsyncResolver-bootstrap-executor-%d] c.n.d.s.r.aws.ConfigClusterResolver      : Resolving eureka endpoints via configuration
2026-03-20 20:14:40.070 INFO  [AsyncResolver-bootstrap-executor-%d] c.n.d.s.r.aws.ConfigClusterResolver      : Resolving eureka endpoints via configuration
